Performing C++ SOURCE FILE Test HAVE_CXX_FLAG_WSHORTEN_64_TO_32 failed with the following output:
Change Dir: /home/rafa/aerostack2_ws/src/aerostack2/stack/motion_control/PID_controller/build/CMakeFiles/CMakeTmp

Run Build Command(s):/usr/bin/ninja cmTC_7989a && [1/2] Building CXX object CMakeFiles/cmTC_7989a.dir/src.cxx.o
FAILED: CMakeFiles/cmTC_7989a.dir/src.cxx.o 
/usr/bin/g++ -DHAVE_CXX_FLAG_WSHORTEN_64_TO_32  -std=c++11  -Wall  -Wextra  -Wshadow  -Wsuggest-override  -pedantic  -pedantic-errors  -Wshorten-64-to-32   -Wshorten-64-to-32 -o CMakeFiles/cmTC_7989a.dir/src.cxx.o -c /home/rafa/aerostack2_ws/src/aerostack2/stack/motion_control/PID_controller/build/CMakeFiles/CMakeTmp/src.cxx
g++: error: unrecognized command-line option '-Wshorten-64-to-32'
g++: error: unrecognized command-line option '-Wshorten-64-to-32'
ninja: build stopped: subcommand failed.


Source file was:
int main() { return 0; }
Performing C++ SOURCE FILE Test HAVE_CXX_FLAG_WD654 failed with the following output:
Change Dir: /home/rafa/aerostack2_ws/src/aerostack2/stack/motion_control/PID_controller/build/CMakeFiles/CMakeTmp

Run Build Command(s):/usr/bin/ninja cmTC_c3d05 && [1/2] Building CXX object CMakeFiles/cmTC_c3d05.dir/src.cxx.o
FAILED: CMakeFiles/cmTC_c3d05.dir/src.cxx.o 
/usr/bin/g++ -DHAVE_CXX_FLAG_WD654  -std=c++11  -Wall  -Wextra  -Wshadow  -Wsuggest-override  -pedantic  -pedantic-errors  -fstrict-aliasing  -Wno-deprecated-declarations  -Wstrict-aliasing  -wd654   -wd654 -o CMakeFiles/cmTC_c3d05.dir/src.cxx.o -c /home/rafa/aerostack2_ws/src/aerostack2/stack/motion_control/PID_controller/build/CMakeFiles/CMakeTmp/src.cxx
g++: error: unrecognized command-line option '-wd654'
g++: error: unrecognized command-line option '-wd654'
ninja: build stopped: subcommand failed.


Source file was:
int main() { return 0; }
Performing C++ SOURCE FILE Test HAVE_CXX_FLAG_WTHREAD_SAFETY failed with the following output:
Change Dir: /home/rafa/aerostack2_ws/src/aerostack2/stack/motion_control/PID_controller/build/CMakeFiles/CMakeTmp

Run Build Command(s):/usr/bin/ninja cmTC_845f9 && [1/2] Building CXX object CMakeFiles/cmTC_845f9.dir/src.cxx.o
FAILED: CMakeFiles/cmTC_845f9.dir/src.cxx.o 
/usr/bin/g++ -DHAVE_CXX_FLAG_WTHREAD_SAFETY  -std=c++11  -Wall  -Wextra  -Wshadow  -Wsuggest-override  -pedantic  -pedantic-errors  -fstrict-aliasing  -Wno-deprecated-declarations  -Wstrict-aliasing  -Wthread-safety   -Wthread-safety -o CMakeFiles/cmTC_845f9.dir/src.cxx.o -c /home/rafa/aerostack2_ws/src/aerostack2/stack/motion_control/PID_controller/build/CMakeFiles/CMakeTmp/src.cxx
g++: error: unrecognized command-line option '-Wthread-safety'
g++: error: unrecognized command-line option '-Wthread-safety'
ninja: build stopped: subcommand failed.


Source file was:
int main() { return 0; }
